Traceback (most recent call last):
  File "D:\New Projects\UpTown Locs\dreadlocks_salon_backend\manage.py", line 20, in <module>
    main()
  File "D:\New Projects\UpTown Locs\dreadlocks_salon_backend\manage.py", line 17, in main
    execute_from_command_line(sys.argv)
  File "C:\Users\ADMIN\AppData\Local\Programs\Python\Python312\Lib\site-packages\django\core\management\__init__.py", line 442, in execute_from_command_line
    utility.execute()
  File "C:\Users\ADMIN\AppData\Local\Programs\Python\Python312\Lib\site-packages\django\core\management\__init__.py", line 382, in execute
    settings.INSTALLED_APPS
  File "C:\Users\ADMIN\AppData\Local\Programs\Python\Python312\Lib\site-packages\django\conf\__init__.py", line 81, in __getattr__
    self._setup(name)
  File "C:\Users\ADMIN\AppData\Local\Programs\Python\Python312\Lib\site-packages\django\conf\__init__.py", line 68, in _setup
    self._wrapped = Settings(settings_module)
                    ^^^^^^^^^^^^^^^^^^^^^^^^^
  File "C:\Users\ADMIN\AppData\Local\Programs\Python\Python312\Lib\site-packages\django\conf\__init__.py", line 166, in __init__
    mod = importlib.import_module(self.SETTINGS_MODULE)
          ^^^^^^^^^^^^^^^^^^^^^^^^^^^^^^^^^^^^^^^^^^^^^
  File "C:\Users\ADMIN\AppData\Local\Programs\Python\Python312\Lib\importlib\__init__.py", line 90, in import_module
    return _bootstrap._gcd_import(name[level:], package, level)
           ^^^^^^^^^^^^^^^^^^^^^^^^^^^^^^^^^^^^^^^^^^^^^^^^^^^^
  File "<frozen importlib._bootstrap>", line 1387, in _gcd_import
  File "<frozen importlib._bootstrap>", line 1360, in _find_and_load
  File "<frozen importlib._bootstrap>", line 1331, in _find_and_load_unlocked
  File "<frozen importlib._bootstrap>", line 935, in _load_unlocked
  File "<frozen importlib._bootstrap_external>", line 995, in exec_module
  File "<frozen importlib._bootstrap>", line 488, in _call_with_frames_removed
  File "D:\New Projects\UpTown Locs\dreadlocks_salon_backend\config\settings\development.py", line 1, in <module>
    from .base import *
SyntaxError: source code string cannot contain null bytes
